<?xml version="1.0" encoding="UTF-8"?>
<!-- Generated by org.testng.reporters.JUnitReportReporter -->
<testsuite hostname="DMIPCNOI13004" name="test.git.demo" tests="1" failures="0" timestamp="18 Apr 2018 10:36:32 GMT" time="0.009" errors="0">
  <testcase name="det" time="0.009" classname="test.git.demo"/>
</testsuite> <!-- test.git.demo -->
